#
# A fatal error has been detected by the Java Runtime Environment:
#
#  EXCEPTION_ACCESS_VIOLATION (0xc0000005) at pc=0x000000006e3ee9b8, pid=1780, tid=0x00000000000019bc
#
# JRE version: OpenJDK Runtime Environment (8.0_112-b06) (build 1.8.0_112-release-b06)
# Java VM: OpenJDK 64-Bit Server VM (25.112-b06 mixed mode windows-amd64 compressed oops)
# Problematic frame:
# V  [jvm.dll+0xee9b8]
#
# Failed to write core dump. Minidumps are not enabled by default on client versions of Windows
#
# If you would like to submit a bug report, please visit:
#   http://bugreport.java.com/bugreport/crash.jsp
#

---------------  T H R E A D  ---------------

Current thread (0x0000000002619000):  GCTaskThread [stack: 0x0000000011f30000,0x0000000012030000] [id=6588]

siginfo: ExceptionCode=0xc0000005, reading address 0xffffffffffffffff

Registers:
RAX=0x0000000012230000, RBX=0x000000007ada6050, RCX=0x0000000000000000, RDX=0x000000000000000a
RSP=0x000000001202f4d0, RBP=0x00000000fa5d4fc8, RSI=0x000000000000000a, RDI=0x00000000026eb750
R8 =0x007fffffffdd6d30, R9 =0x000000000000000a, R10=0x000000000000000c, R11=0x0000000000000c06
R12=0x00000000fa5d4fcc, R13=0x00000001008514e0, R14=0x00000001008514e8, R15=0x00000000fa5d4fa0
RIP=0x000000006e3ee9b8, EFLAGS=0x0000000000010206

Top of Stack: (sp=0x000000001202f4d0)
0x000000001202f4d0:   00000000fa5d4fd0 00000000fa5d4fc0
0x000000001202f4e0:   000000000000000a 00000000026eb750
0x000000001202f4f0:   0000000000000000 0000000002619430
0x000000001202f500:   0000000002612190 0000000000000001
0x000000001202f510:   0000000000000c05 000000006e6c1fc0
0x000000001202f520:   00000000154be070 0000000000000000
0x000000001202f530:   00000000026eb750 000000006e910fe8
0x000000001202f540:   00000000c6fe5228 00000000026eb750
0x000000001202f550:   00000000c6fee93c 0000000000000004
0x000000001202f560:   00000000c6fe5228 000000006e4142f9
0x000000001202f570:   00000000154bde80 0000008a00000027
0x000000001202f580:   0000000002619000 0000000002612190
0x000000001202f590:   0000000002619440 0000000002619430
0x000000001202f5a0:   000000006e910fe8 0000000000000001
0x000000001202f5b0:   000000001a4d3b00 0000000000000000
0x000000001202f5c0:   00000000026eb750 000000006e6bf8e0 

Instructions: (pc=0x000000006e3ee9b8)
0x000000006e3ee998:   05 53 2f 6d 00 49 c1 e8 03 49 d3 e8 41 0f b6 c0
0x000000006e3ee9a8:   49 c1 e8 06 24 3f 0f b6 d0 48 8b 05 68 2f 6d 00
0x000000006e3ee9b8:   4a 8b 0c c0 48 0f a3 d1 0f 82 59 01 00 00 0f b6
0x000000006e3ee9c8:   15 a4 8e 6c 00 84 d2 74 16 44 8b 43 08 8b 0d 7d 


Register to memory mapping:

RAX=0x0000000012230000 is an unknown value
RBX=0x000000007ada6050 is an unknown value
RCX=0x0000000000000000 is an unknown value
RDX=0x000000000000000a is an unknown value
RSP=0x000000001202f4d0 is an unknown value
RBP=0x00000000fa5d4fc8 is an oop

[error occurred during error reporting (printing register info), id 0xc0000005]

Stack: [0x0000000011f30000,0x0000000012030000],  sp=0x000000001202f4d0,  free space=1021k
Native frames: (J=compiled Java code, j=interpreted, Vv=VM code, C=native code)
V  [jvm.dll+0xee9b8]
V  [jvm.dll+0x3c1fc0]
V  [jvm.dll+0x3bf8e0]
V  [jvm.dll+0x3bce6e]
V  [jvm.dll+0x26c13a]
C  [msvcr100.dll+0x21d9f]
C  [msvcr100.dll+0x21e3b]
C  [KERNEL32.DLL+0x18102]
C  [ntdll.dll+0x5c5b4]


---------------  P R O C E S S  ---------------

Java Threads: ( => current thread )
  0x000000001690d800 JavaThread "Keep-Alive-Timer" daemon [_thread_blocked, id=8060, stack(0x0000000021b10000,0x0000000021c10000)]
  0x000000001690a800 JavaThread "Cache update executor" [_thread_blocked, id=8140, stack(0x0000000021910000,0x0000000021a10000)]
  0x000000001690f000 JavaThread "Stdin handler" [_thread_blocked, id=7836, stack(0x0000000021810000,0x0000000021910000)]
  0x000000001690b000 JavaThread "Asynchronous log dispatcher for DefaultDaemonConnection: socket connection from /127.0.0.1:50456 to /127.0.0.1:50843" [_thread_blocked, id=4364, stack(0x0000000021710000,0x0000000021810000)]
  0x000000001690e000 JavaThread "Cancel handler" [_thread_blocked, id=220, stack(0x0000000021610000,0x0000000021710000)]
  0x000000001690c800 JavaThread "Handler for socket connection from /127.0.0.1:50456 to /127.0.0.1:50843" [_thread_in_native, id=3120, stack(0x0000000021510000,0x0000000021610000)]
  0x000000001aca6000 JavaThread "Daemon worker Thread 2" [_thread_blocked, id=8084, stack(0x0000000020710000,0x0000000020810000)]
  0x000000001aca7800 JavaThread "Daemon Thread 2" [_thread_blocked, id=7664, stack(0x0000000020410000,0x0000000020510000)]
  0x000000001a886000 JavaThread "File lock request listener" [_thread_in_native, id=7396, stack(0x000000001c6c0000,0x000000001c7c0000)]
  0x0000000017f4b000 JavaThread "pool-1-thread-1" [_thread_blocked, id=7308, stack(0x0000000019050000,0x0000000019150000)]
  0x0000000017974000 JavaThread "Incoming local TCP Connector on port 50456" [_thread_in_native, id=7244, stack(0x0000000018a70000,0x0000000018b70000)]
  0x000000001675c000 JavaThread "Service Thread" daemon [_thread_blocked, id=7204, stack(0x0000000016b40000,0x0000000016c40000)]
  0x0000000014ded800 JavaThread "C1 CompilerThread2" daemon [_thread_blocked, id=7200, stack(0x0000000016640000,0x0000000016740000)]
  0x0000000014dfa800 JavaThread "C2 CompilerThread1" daemon [_thread_blocked, id=7196, stack(0x0000000016540000,0x0000000016640000)]
  0x0000000014df7800 JavaThread "C2 CompilerThread0" daemon [_thread_blocked, id=7192, stack(0x0000000016440000,0x0000000016540000)]
  0x0000000014df6000 JavaThread "Attach Listener" daemon [_thread_blocked, id=7188, stack(0x0000000016340000,0x0000000016440000)]
  0x0000000014df5000 JavaThread "Signal Dispatcher" daemon [_thread_blocked, id=7184, stack(0x0000000016240000,0x0000000016340000)]
  0x0000000014dd8800 JavaThread "Finalizer" daemon [_thread_blocked, id=7172, stack(0x0000000016050000,0x0000000016150000)]
  0x00000000026f1000 JavaThread "Reference Handler" daemon [_thread_blocked, id=4992, stack(0x0000000015f50000,0x0000000016050000)]
  0x00000000025fe000 JavaThread "main" [_thread_blocked, id=3608, stack(0x00000000024e0000,0x00000000025e0000)]

Other Threads:
  0x0000000014db4800 VMThread [stack: 0x0000000015e50000,0x0000000015f50000] [id=6276]
  0x000000001675d800 WatcherThread [stack: 0x0000000016c40000,0x0000000016d40000] [id=7208]

=>0x0000000002619000 (exited) GCTaskThread [stack: 0x0000000011f30000,0x0000000012030000] [id=6588]

VM state:at safepoint (normal execution)

VM Mutex/Monitor currently owned by a thread:  ([mutex/lock_event])
[0x00000000025fc990] Threads_lock - owner thread: 0x0000000014db4800
[0x00000000025fcd10] Heap_lock - owner thread: 0x000000001aca6000

Heap:
 PSYoungGen      total 264704K, used 49138K [0x00000000eab00000, 0x0000000100000000, 0x0000000100000000)
  eden space 215552K, 0% used [0x00000000eab00000,0x00000000eab00000,0x00000000f7d80000)
  from space 49152K, 99% used [0x00000000f7d80000,0x00000000fad7cb58,0x00000000fad80000)
  to   space 78848K, 0% used [0x00000000fb300000,0x00000000fb300000,0x0000000100000000)
 ParOldGen       total 144896K, used 138690K [0x00000000c0000000, 0x00000000c8d80000, 0x00000000eab00000)
  object space 144896K, 95% used [0x00000000c0000000,0x00000000c8770800,0x00000000c8d80000)
 Metaspace       used 64525K, capacity 67570K, committed 67800K, reserved 1107968K
  class space    used 8493K, capacity 9113K, committed 9216K, reserved 1048576K

Card table byte_map: [0x0000000011ac0000,0x0000000011cd0000] byte_map_base: 0x00000000114c0000

Marking Bits: (ParMarkBitMap*) 0x000000006eac18f0
 Begin Bits: [0x0000000012230000, 0x0000000013230000)
 End Bits:   [0x0000000013230000, 0x0000000014230000)

Polling page: 0x00000000024b0000

CodeCache: size=245760Kb used=37369Kb max_used=37381Kb free=208390Kb
 bounds [0x0000000002700000, 0x0000000004bb0000, 0x0000000011700000]
 total_blobs=11130 nmethods=10358 adapters=685
 compilation: enabled

Compilation events (10 events):
Event: 558.002 Thread 0x0000000014ded800 nmethod 12602 0x0000000004997f50 code [0x00000000049980a0, 0x0000000004998250]
Event: 558.004 Thread 0x0000000014ded800 12603       3       com.sun.tools.javac.tree.JCTree$JCClassDecl::accept (6 bytes)
Event: 558.004 Thread 0x0000000014ded800 nmethod 12603 0x0000000004ba3d10 code [0x0000000004ba3e80, 0x0000000004ba40a8]
Event: 558.005 Thread 0x0000000014dfa800 nmethod 12595 0x0000000004ba9cd0 code [0x0000000004ba9e60, 0x0000000004baa4a8]
Event: 558.005 Thread 0x0000000014dfa800 12601       4       com.sun.tools.javac.tree.JCTree$JCParens::accept (6 bytes)
Event: 558.005 Thread 0x0000000014ded800 12604       3       com.sun.tools.javac.tree.JCTree$Visitor::visitMethodDef (6 bytes)
Event: 558.005 Thread 0x0000000014ded800 nmethod 12604 0x0000000004ba3910 code [0x0000000004ba3a80, 0x0000000004ba3c88]
Event: 558.006 Thread 0x0000000014dfa800 nmethod 12601 0x0000000003f86250 code [0x0000000003f863a0, 0x0000000003f86458]
Event: 558.006 Thread 0x0000000014dfa800 12596       4       com.sun.tools.javac.tree.JCTree$JCAnnotation::accept (6 bytes)
Event: 558.008 Thread 0x0000000014ded800 12605       3       com.sun.tools.javac.comp.Check::checkFlags (799 bytes)

GC Heap History (10 events):
Event: 57.626 GC heap after
Heap after GC invocations=18 (full 3):
 PSYoungGen      total 177152K, used 0K [0x00000000eab00000, 0x00000000faa80000, 0x0000000100000000)
  eden space 151552K, 0% used [0x00000000eab00000,0x00000000eab00000,0x00000000f3f00000)
  from space 25600K, 0% used [0x00000000f3f00000,0x00000000f3f00000,0x00000000f5800000)
  to   space 27648K, 0% used [0x00000000f8f80000,0x00000000f8f80000,0x00000000faa80000)
 ParOldGen       total 144896K, used 46085K [0x00000000c0000000, 0x00000000c8d80000, 0x00000000eab00000)
  object space 144896K, 31% used [0x00000000c0000000,0x00000000c2d014a0,0x00000000c8d80000)
 Metaspace       used 56510K, capacity 58964K, committed 59096K, reserved 1099776K
  class space    used 7629K, capacity 8170K, committed 8192K, reserved 1048576K
}
Event: 494.181 GC heap before
{Heap before GC invocations=19 (full 3):
 PSYoungGen      total 177152K, used 151552K [0x00000000eab00000, 0x00000000faa80000, 0x0000000100000000)
  eden space 151552K, 100% used [0x00000000eab00000,0x00000000f3f00000,0x00000000f3f00000)
  from space 25600K, 0% used [0x00000000f3f00000,0x00000000f3f00000,0x00000000f5800000)
  to   space 27648K, 0% used [0x00000000f8f80000,0x00000000f8f80000,0x00000000faa80000)
 ParOldGen       total 144896K, used 46085K [0x00000000c0000000, 0x00000000c8d80000, 0x00000000eab00000)
  object space 144896K, 31% used [0x00000000c0000000,0x00000000c2d014a0,0x00000000c8d80000)
 Metaspace       used 57341K, capacity 59896K, committed 59992K, reserved 1101824K
  class space    used 7689K, capacity 8242K, committed 8320K, reserved 1048576K
Event: 494.203 GC heap after
Heap after GC invocations=19 (full 3):
 PSYoungGen      total 211456K, used 9424K [0x00000000eab00000, 0x00000000f9f00000, 0x0000000100000000)
  eden space 195584K, 0% used [0x00000000eab00000,0x00000000eab00000,0x00000000f6a00000)
  from space 15872K, 59% used [0x00000000f8f80000,0x00000000f98b4050,0x00000000f9f00000)
  to   space 27136K, 0% used [0x00000000f6a00000,0x00000000f6a00000,0x00000000f8480000)
 ParOldGen       total 144896K, used 46093K [0x00000000c0000000, 0x00000000c8d80000, 0x00000000eab00000)
  object space 144896K, 31% used [0x00000000c0000000,0x00000000c2d034a0,0x00000000c8d80000)
 Metaspace       used 57341K, capacity 59896K, committed 59992K, reserved 1101824K
  class space    used 7689K, capacity 8242K, committed 8320K, reserved 1048576K
}
Event: 515.333 GC heap before
{Heap before GC invocations=20 (full 3):
 PSYoungGen      total 211456K, used 205008K [0x00000000eab00000, 0x00000000f9f00000, 0x0000000100000000)
  eden space 195584K, 100% used [0x00000000eab00000,0x00000000f6a00000,0x00000000f6a00000)
  from space 15872K, 59% used [0x00000000f8f80000,0x00000000f98b4050,0x00000000f9f00000)
  to   space 27136K, 0% used [0x00000000f6a00000,0x00000000f6a00000,0x00000000f8480000)
 ParOldGen       total 144896K, used 46093K [0x00000000c0000000, 0x00000000c8d80000, 0x00000000eab00000)
  object space 144896K, 31% used [0x00000000c0000000,0x00000000c2d034a0,0x00000000c8d80000)
 Metaspace       used 62562K, capacity 65302K, committed 65496K, reserved 1105920K
  class space    used 8319K, capacity 8879K, committed 8960K, reserved 1048576K
Event: 515.383 GC heap after
Heap after GC invocations=20 (full 3):
 PSYoungGen      total 222720K, used 27128K [0x00000000eab00000, 0x00000000fd000000, 0x0000000100000000)
  eden space 195584K, 0% used [0x00000000eab00000,0x00000000eab00000,0x00000000f6a00000)
  from space 27136K, 99% used [0x00000000f6a00000,0x00000000f847e008,0x00000000f8480000)
  to   space 35328K, 0% used [0x00000000fad80000,0x00000000fad80000,0x00000000fd000000)
 ParOldGen       total 144896K, used 57202K [0x00000000c0000000, 0x00000000c8d80000, 0x00000000eab00000)
  object space 144896K, 39% used [0x00000000c0000000,0x00000000c37dcb08,0x00000000c8d80000)
 Metaspace       used 62562K, capacity 65302K, committed 65496K, reserved 1105920K
  class space    used 8319K, capacity 8879K, committed 8960K, reserved 1048576K
}
Event: 553.204 GC heap before
{Heap before GC invocations=21 (full 3):
 PSYoungGen      total 222720K, used 222712K [0x00000000eab00000, 0x00000000fd000000, 0x0000000100000000)
  eden space 195584K, 100% used [0x00000000eab00000,0x00000000f6a00000,0x00000000f6a00000)
  from space 27136K, 99% used [0x00000000f6a00000,0x00000000f847e008,0x00000000f8480000)
  to   space 35328K, 0% used [0x00000000fad80000,0x00000000fad80000,0x00000000fd000000)
 ParOldGen       total 144896K, used 57202K [0x00000000c0000000, 0x00000000c8d80000, 0x00000000eab00000)
  object space 144896K, 39% used [0x00000000c0000000,0x00000000c37dcb08,0x00000000c8d80000)
 Metaspace       used 64167K, capacity 67130K, committed 67160K, reserved 1107968K
  class space    used 8466K, capacity 9073K, committed 9088K, reserved 1048576K
Event: 553.294 GC heap after
Heap after GC invocations=21 (full 3):
 PSYoungGen      total 250880K, used 35324K [0x00000000eab00000, 0x00000000fe700000, 0x0000000100000000)
  eden space 215552K, 0% used [0x00000000eab00000,0x00000000eab00000,0x00000000f7d80000)
  from space 35328K, 99% used [0x00000000fad80000,0x00000000fcfff3a8,0x00000000fd000000)
  to   space 49152K, 0% used [0x00000000f7d80000,0x00000000f7d80000,0x00000000fad80000)
 ParOldGen       total 144896K, used 80364K [0x00000000c0000000, 0x00000000c8d80000, 0x00000000eab00000)
  object space 144896K, 55% used [0x00000000c0000000,0x00000000c4e7b318,0x00000000c8d80000)
 Metaspace       used 64167K, capacity 67130K, committed 67160K, reserved 1107968K
  class space    used 8466K, capacity 9073K, committed 9088K, reserved 1048576K
}
Event: 558.011 GC heap before
{Heap before GC invocations=22 (full 3):
 PSYoungGen      total 250880K, used 250876K [0x00000000eab00000, 0x00000000fe700000, 0x0000000100000000)
  eden space 215552K, 100% used [0x00000000eab00000,0x00000000f7d80000,0x00000000f7d80000)
  from space 35328K, 99% used [0x00000000fad80000,0x00000000fcfff3a8,0x00000000fd000000)
  to   space 49152K, 0% used [0x00000000f7d80000,0x00000000f7d80000,0x00000000fad80000)
 ParOldGen       total 144896K, used 80364K [0x00000000c0000000, 0x00000000c8d80000, 0x00000000eab00000)
  object space 144896K, 55% used [0x00000000c0000000,0x00000000c4e7b318,0x00000000c8d80000)
 Metaspace       used 64525K, capacity 67570K, committed 67800K, reserved 1107968K
  class space    used 8493K, capacity 9113K, committed 9216K, reserved 1048576K
Event: 558.157 GC heap after
Heap after GC invocations=22 (full 3):
 PSYoungGen      total 264704K, used 49138K [0x00000000eab00000, 0x0000000100000000, 0x0000000100000000)
  eden space 215552K, 0% used [0x00000000eab00000,0x00000000eab00000,0x00000000f7d80000)
  from space 49152K, 99% used [0x00000000f7d80000,0x00000000fad7cb58,0x00000000fad80000)
  to   space 78848K, 0% used [0x00000000fb300000,0x00000000fb300000,0x0000000100000000)
 ParOldGen       total 144896K, used 138690K [0x00000000c0000000, 0x00000000c8d80000, 0x00000000eab00000)
  object space 144896K, 95% used [0x00000000c0000000,0x00000000c8770800,0x00000000c8d80000)
 Metaspace       used 64525K, capacity 67570K, committed 67800K, reserved 1107968K
  class space    used 8493K, capacity 9113K, committed 9216K, reserved 1048576K
}
Event: 558.157 GC heap before
{Heap before GC invocations=23 (full 4):
 PSYoungGen      total 264704K, used 49138K [0x00000000eab00000, 0x0000000100000000, 0x0000000100000000)
  eden space 215552K, 0% used [0x00000000eab00000,0x00000000eab00000,0x00000000f7d80000)
  from space 49152K, 99% used [0x00000000f7d80000,0x00000000fad7cb58,0x00000000fad80000)
  to   space 78848K, 0% used [0x00000000fb300000,0x00000000fb300000,0x0000000100000000)
 ParOldGen       total 144896K, used 138690K [0x00000000c0000000, 0x00000000c8d80000, 0x00000000eab00000)
  object space 144896K, 95% used [0x00000000c0000000,0x00000000c8770800,0x00000000c8d80000)
 Metaspace       used 64525K, capacity 67570K, committed 67800K, reserved 1107968K
  class space    used 8493K, capacity 9113K, committed 9216K, reserved 1048576K

Deoptimization events (10 events):
Event: 552.780 Thread 0x000000001aca6000 Uncommon trap: reason=class_check action=maybe_recompile pc=0x0000000004a52bf8 method=sun.nio.fs.WindowsPath.equals(Ljava/lang/Object;)Z @ 13
Event: 552.780 Thread 0x000000001aca6000 Uncommon trap: reason=class_check action=maybe_recompile pc=0x0000000004a52bf8 method=sun.nio.fs.WindowsPath.equals(Ljava/lang/Object;)Z @ 13
Event: 552.780 Thread 0x000000001aca6000 Uncommon trap: reason=class_check action=maybe_recompile pc=0x0000000004a52bf8 method=sun.nio.fs.WindowsPath.equals(Ljava/lang/Object;)Z @ 13
Event: 553.181 Thread 0x000000001aca6000 Uncommon trap: reason=unstable_if action=reinterpret pc=0x000000000351e49c method=java.lang.StringCoding$StringDecoder.decode([BII)[C @ 20
Event: 556.537 Thread 0x000000001aca6000 Uncommon trap: reason=unstable_if action=reinterpret pc=0x0000000004aadd58 method=com.sun.tools.javac.parser.JavacParser.classOrInterfaceBodyDeclaration(Lcom/sun/tools/javac/util/Name;Z)Lcom/sun/tools/javac/util/List; @ 114
Event: 556.539 Thread 0x000000001aca6000 Uncommon trap: reason=unstable_if action=reinterpret pc=0x0000000004617370 method=com.sun.tools.javac.parser.JavacParser.typeArgumentsOpt(I)Lcom/sun/tools/javac/util/List; @ 10
Event: 556.552 Thread 0x000000001aca6000 Uncommon trap: reason=unstable_if action=reinterpret pc=0x00000000047059cc method=com.sun.tools.javac.parser.JavaTokenizer.readToken()Lcom/sun/tools/javac/parser/Tokens$Token; @ 1279
Event: 556.553 Thread 0x000000001aca6000 Uncommon trap: reason=unstable_if action=reinterpret pc=0x00000000045596c4 method=com.sun.tools.javac.parser.JavacParser.typeArgumentsOpt(I)Lcom/sun/tools/javac/util/List; @ 10
Event: 557.441 Thread 0x000000001aca6000 Uncommon trap: reason=unstable_if action=reinterpret pc=0x0000000004946be4 method=com.sun.tools.javac.code.Scope.lookup(Lcom/sun/tools/javac/util/Name;Lcom/sun/tools/javac/util/Filter;)Lcom/sun/tools/javac/code/Scope$Entry; @ 19
Event: 558.005 Thread 0x000000001aca6000 Uncommon trap: reason=unstable_if action=reinterpret pc=0x00000000044048dc method=com.sun.tools.javac.comp.Check.checkFlags(Lcom/sun/tools/javac/util/JCDiagnostic$DiagnosticPosition;JLcom/sun/tools/javac/code/Symbol;Lcom/sun/tools/javac/tree/JCTree;)J @ 53X…X¶<F@

Internal exceptions (10 events):
Event: 550.870 Thread 0x000000001aca6000 Exception <a 'sun/nio/fs/WindowsException'> (0x00000000f34e65d8) thrown at [C:\src\android\AOSP-openjdk\external\jetbrains\jdk\hotspot\src\share\vm\prims\jni.cpp, line 709]
Event: 550.870 Thread 0x000000001aca6000 Exception <a 'sun/nio/fs/WindowsException'> (0x00000000f34e71b8) thrown at [C:\src\android\AOSP-openjdk\external\jetbrains\jdk\hotspot\src\share\vm\prims\jni.cpp, line 709]
Event: 550.870 Thread 0x000000001aca6000 Exception <a 'sun/nio/fs/WindowsException'> (0x00000000f34e9c38) thrown at [C:\src\android\AOSP-openjdk\external\jetbrains\jdk\hotspot\src\share\vm\prims\jni.cpp, line 709]
Event: 550.870 Thread 0x000000001aca6000 Exception <a 'sun/nio/fs/WindowsException'> (0x00000000f34ea848) thrown at [C:\src\android\AOSP-openjdk\external\jetbrains\jdk\hotspot\src\share\vm\prims\jni.cpp, line 709]
Event: 550.870 Thread 0x000000001aca6000 Exception <a 'sun/nio/fs/WindowsException'> (0x00000000f34ec488) thrown at [C:\src\android\AOSP-openjdk\external\jetbrains\jdk\hotspot\src\share\vm\prims\jni.cpp, line 709]
Event: 550.870 Thread 0x000000001aca6000 Exception <a 'sun/nio/fs/WindowsException'> (0x00000000f34ed0d8) thrown at [C:\src\android\AOSP-openjdk\external\jetbrains\jdk\hotspot\src\share\vm\prims\jni.cpp, line 709]
Event: 550.870 Thread 0x000000001aca6000 Exception <a 'sun/nio/fs/WindowsException'> (0x00000000f34efd28) thrown at [C:\src\android\AOSP-openjdk\external\jetbrains\jdk\hotspot\src\share\vm\prims\jni.cpp, line 709]
Event: 550.870 Thread 0x000000001aca6000 Exception <a 'sun/nio/fs/WindowsException'> (0x00000000f34f09b0) thrown at [C:\src\android\AOSP-openjdk\external\jetbrains\jdk\hotspot\src\share\vm\prims\jni.cpp, line 709]
Event: 550.870 Thread 0x000000001aca6000 Exception <a 'sun/nio/fs/WindowsException'> (0x00000000f34f2668) thrown at [C:\src\android\AOSP-openjdk\external\jetbrains\jdk\hotspot\src\share\vm\prims\jni.cpp, line 709]
Event: 550.870 Thread 0x000000001aca6000 Exception <a 'sun/nio/fs/WindowsException'> (0x00000000f34f3330) thrown at [C:\src\android\AOSP-openjdk\external\jetbrains\jdk\hotspot\src\share\vm\prims\jni.cpp, line 709]

Events (10 events):
Event: 557.891 Thread 0x000000001aca6000 DEOPT PACKING pc=0x00000000048becf7 sp=0x000000002080ac00
Event: 557.891 Thread 0x000000001aca6000 DEOPT UNPACKING pc=0x00000000027471bf sp=0x000000002080a9a8 mode 0
Event: 557.985 Thread 0x000000001aca6000 DEOPT PACKING pc=0x00000000045b74d0 sp=0x000000002080b0d0
Event: 557.985 Thread 0x000000001aca6000 DEOPT UNPACKING pc=0x00000000027471bf sp=0x000000002080adb8 mode 0
Event: 557.990 Thread 0x000000001aca6000 DEOPT PACKING pc=0x0000000004495fb1 sp=0x000000002080b320
Event: 557.990 Thread 0x000000001aca6000 DEOPT UNPACKING pc=0x00000000027471bf sp=0x000000002080b018 mode 0
Event: 558.005 Thread 0x000000001aca6000 Uncommon trap: trap_request=0xffffff65 fr.pc=0x00000000044048dc
Event: 558.005 Thread 0x000000001aca6000 DEOPT PACKING pc=0x00000000044048dc sp=0x000000002080ad00
Event: 558.005 Thread 0x000000001aca6000 DEOPT UNPACKING pc=0x000000000274556a sp=0x000000002080ac88 mode 2
Event: 558.011 Executing VM operation: ParallelGCFailedAllocation


Dynamic libraries:
0x00007ff7a5c90000 - 0x00007ff7a5cc1000 	C:\Program Files\Android\Android Studio\jre\bin\java.exe
0x00007ffd0d980000 - 0x00007ffd0db41000 	C:\Windows\SYSTEM32\ntdll.dll
0x00007ffd0ca70000 - 0x00007ffd0cb1d000 	C:\Windows\system32\KERNEL32.DLL
0x00007ffd0a140000 - 0x00007ffd0a328000 	C:\Windows\system32\KERNELBASE.dll
0x00007ffd0c9c0000 - 0x00007ffd0ca67000 	C:\Windows\system32\ADVAPI32.dll
0x00007ffd0c7c0000 - 0x00007ffd0c85d000 	C:\Windows\system32\msvcrt.dll
0x00007ffd0d140000 - 0x00007ffd0d19b000 	C:\Windows\system32\sechost.dll
0x00007ffd0d640000 - 0x00007ffd0d75c000 	C:\Windows\system32\RPCRT4.dll
0x00007ffd0d3d0000 - 0x00007ffd0d526000 	C:\Windows\system32\USER32.dll
0x00007ffd0ae50000 - 0x00007ffd0afd6000 	C:\Windows\system32\GDI32.dll
0x00007ffd02e50000 - 0x00007ffd030c4000 	C:\Windows\WinSxS\amd64_microsoft.windows.common-controls_6595b64144ccf1df_6.0.10586.839_none_a2ddba30a539a2ae\COMCTL32.dll
0x00007ffd0afe0000 - 0x00007ffd0b25d000 	C:\Windows\system32\combase.dll
0x00007ffd0aa60000 - 0x00007ffd0aaca000 	C:\Windows\system32\bcryptPrimitives.dll
0x00007ffd0cbc0000 - 0x00007ffd0cbfb000 	C:\Windows\system32\IMM32.DLL
0x000000006e140000 - 0x000000006e212000 	C:\Program Files\Android\Android Studio\jre\jre\bin\msvcr100.dll
0x000000006e300000 - 0x000000006eb3c000 	C:\Program Files\Android\Android Studio\jre\jre\bin\server\jvm.dll
0x00007ffd0d910000 - 0x00007ffd0d918000 	C:\Windows\system32\PSAPI.DLL
0x00007ffcf2830000 - 0x00007ffcf2839000 	C:\Windows\SYSTEM32\WSOCK32.dll
0x00007ffd0d1b0000 - 0x00007ffd0d21b000 	C:\Windows\system32\WS2_32.dll
0x00007ffd08720000 - 0x00007ffd08743000 	C:\Windows\SYSTEM32\WINMM.dll
0x00007ffd07350000 - 0x00007ffd0735a000 	C:\Windows\SYSTEM32\VERSION.dll
0x00007ffd086c0000 - 0x00007ffd086ec000 	C:\Windows\SYSTEM32\WINMMBASE.dll
0x00007ffd0aca0000 - 0x00007ffd0ace3000 	C:\Windows\system32\cfgmgr32.dll
0x00007ffd01230000 - 0x00007ffd0123f000 	C:\Program Files\Android\Android Studio\jre\jre\bin\verify.dll
0x00007ffcf7b70000 - 0x00007ffcf7b99000 	C:\Program Files\Android\Android Studio\jre\jre\bin\java.dll
0x00007ffcf8e70000 - 0x00007ffcf8e86000 	C:\Program Files\Android\Android Studio\jre\jre\bin\zip.dll
0x00007ffd0b260000 - 0x00007ffd0c7bc000 	C:\Windows\system32\SHELL32.dll
0x00007ffd0a3f0000 - 0x00007ffd0aa35000 	C:\Windows\system32\windows.storage.dll
0x00007ffd0d920000 - 0x00007ffd0d972000 	C:\Windows\system32\shlwapi.dll
0x00007ffd0a000000 - 0x00007ffd0a00f000 	C:\Windows\system32\kernel.appcore.dll
0x00007ffd0a330000 - 0x00007ffd0a3e5000 	C:\Windows\system32\shcore.dll
0x00007ffd09fa0000 - 0x00007ffd09feb000 	C:\Windows\system32\powrprof.dll
0x00007ffd0a010000 - 0x00007ffd0a024000 	C:\Windows\system32\profapi.dll
0x00007ffcf7b50000 - 0x00007ffcf7b6a000 	C:\Program Files\Android\Android Studio\jre\jre\bin\net.dll
0x00007ffd098d0000 - 0x00007ffd0992c000 	C:\Windows\system32\mswsock.dll
0x00007ffcf7b30000 - 0x00007ffcf7b41000 	C:\Program Files\Android\Android Studio\jre\jre\bin\nio.dll
0x00007ffd01260000 - 0x00007ffd0127e000 	C:\Users\randomlock\.gradle\native\23\windows-amd64\native-platform.dll
0x00007ffd09980000 - 0x00007ffd09997000 	C:\Windows\SYSTEM32\CRYPTSP.dll
0x00007ffd09610000 - 0x00007ffd09644000 	C:\Windows\system32\rsaenh.dll
0x00007ffd09ba0000 - 0x00007ffd09bc9000 	C:\Windows\SYSTEM32\bcrypt.dll
0x00007ffd09760000 - 0x00007ffd0977f000 	C:\Windows\SYSTEM32\USERENV.dll
0x00007ffd09aa0000 - 0x00007ffd09aab000 	C:\Windows\SYSTEM32\CRYPTBASE.dll
0x00007ffd01fd0000 - 0x00007ffd02008000 	C:\Windows\SYSTEM32\IPHLPAPI.DLL
0x00007ffd0d1a0000 - 0x00007ffd0d1a8000 	C:\Windows\system32\NSI.dll
0x00007ffd01e40000 - 0x00007ffd01e56000 	C:\Windows\SYSTEM32\dhcpcsvc6.DLL
0x00007ffd01db0000 - 0x00007ffd01dca000 	C:\Windows\SYSTEM32\dhcpcsvc.DLL
0x00007ffd01220000 - 0x00007ffd0122d000 	C:\Program Files\Android\Android Studio\jre\jre\bin\management.dll
0x00007ffd08a10000 - 0x00007ffd08aba000 	C:\Windows\SYSTEM32\DNSAPI.dll
0x00007ffd001b0000 - 0x00007ffd001ba000 	C:\Windows\System32\rasadhlp.dll
0x00007ffd01ea0000 - 0x00007ffd01f07000 	C:\Windows\System32\fwpuclnt.dll
0x00007ffce9260000 - 0x00007ffce93ec000 	C:\Windows\SYSTEM32\dbghelp.dll

VM Arguments:
jvm_args: -XX:MaxPermSize=256m -XX:+HeapDumpOnOutOfMemoryError -Xmx1024m -Dfile.encoding=windows-1252 -Duser.country=US -Duser.language=en -Duser.variant 
java_command: org.gradle.launcher.daemon.bootstrap.GradleDaemon 3.3
java_class_path (initial): C:\Users\randomlock\.gradle\wrapper\dists\gradle-3.3-all\55gk2rcmfc6p2dg9u9ohc3hw9\gradle-3.3\lib\gradle-launcher-3.3.jar
Launcher Type: SUN_STANDARD

Environment Variables:
JAVA_HOME=C:\Program Files\Java\jdk1.8.0_121\bin
CLASSPATH=C:\Program Files\Java\jdk1.8.0_121\bin
PATH=C:\ProgramData\Oracle\Java\javapath;C:\Windows\system32;C:\Windows;C:\Windows\System32\Wbem;C:\Windows\System32\WindowsPowerShell\v1.0\;C:\Program Files (x86)\NVIDIA Corporation\PhysX\Common;C:\Program Files\Java\jdk1.8.0_121\bin;C:\Users\randomlock\AppData\Local\Android\sdk\platform-tools;C:\Program Files\Java\jdk1.8.0_121\bin
USERNAME=randomlock
OS=Windows_NT
PROCESSOR_IDENTIFIER=Intel64 Family 6 Model 37 Stepping 5, GenuineIntel



---------------  S Y S T E M  ---------------

OS: Windows 10.0 , 64 bit Build 10586 (10.0.10586.589)

CPU:total 4 (2 cores per cpu, 2 threads per core) family 6 model 37 stepping 5, cmov, cx8, fxsr, mmx, sse, sse2, sse3, ssse3, sse4.1, sse4.2, popcnt, ht, tsc, tscinvbit

Memory: 4k page, physical 8314356k(3968676k free), swap 14867956k(10276520k free)

vm_info: OpenJDK 64-Bit Server VM (25.112-b06) for windows-amd64 JRE (1.8.0_112-release-b06), built on Dec  8 2016 00:54:26 by "builder" with MS VC++ 10.0 (VS2010)

time: Wed Apr 05 00:15:19 2017
elapsed time: 558 seconds (0d 0h 9m 18s)

